<?xml version="1.0" encoding="UTF-8"?>
<testsuite xmlns:xsi="http://www.w3.org/2001/XMLSchema-instance" xsi:noNamespaceSchemaLocation="https://maven.apache.org/surefire/maven-surefire-plugin/xsd/surefire-test-report.xsd" name="com.yashika.demo.services.EventsServiceImplementationTest" time="10.739" tests="4" errors="0" skipped="0" failures="0">
  <properties>
[...]
</properties>
  <testcase name="deleteEvent" classname="com.yashika.demo.services.EventsServiceImplementationTest" time="0.098"/>
  <testcase name="listEvents" classname="com.yashika.demo.services.EventsServiceImplementationTest" time="0.025"/>
  <testcase name="getEventById" classname="com.yashika.demo.services.EventsServiceImplementationTest" time="0.008"/>
  <testcase name="saveEvent" classname="com.yashika.demo.services.EventsServiceImplementationTest" time="0.007"/>
</testsuite>